{"/Users/adithimshrouthy/Home-Renovation-main/src/App.js": {"path":"/Users/adithimshrouthy/Home-Renovation-main/src/App.js","statementMap":{"0":{"start":{"line":11,"column":12},"end":{"line":74,"column":1}},"1":{"start":{"line":12,"column":34},"end":{"line":12,"column":49}},"2":{"start":{"line":13,"column":36},"end":{"line":13,"column":51}},"3":{"start":{"line":14,"column":36},"end":{"line":14,"column":48}},"4":{"start":{"line":15,"column":40},"end":{"line":15,"column":52}},"5":{"start":{"line":17,"column":22},"end":{"line":23,"column":3}},"6":{"start":{"line":18,"column":4},"end":{"line":18,"column":23}},"7":{"start":{"line":19,"column":4},"end":{"line":22,"column":13}},"8":{"start":{"line":20,"column":6},"end":{"line":20,"column":29}},"9":{"start":{"line":21,"column":6},"end":{"line":21,"column":26}},"10":{"start":{"line":25,"column":20},"end":{"line":32,"column":3}},"11":{"start":{"line":26,"column":6},"end":{"line":26,"column":46}},"12":{"start":{"line":27,"column":6},"end":{"line":27,"column":65}},"13":{"start":{"line":28,"column":6},"end":{"line":28,"column":59}},"14":{"start":{"line":29,"column":6},"end":{"line":31,"column":15}},"15":{"start":{"line":30,"column":8},"end":{"line":30,"column":27}},"16":{"start":{"line":34,"column":25},"end":{"line":41,"column":3}},"17":{"start":{"line":35,"column":24},"end":{"line":35,"column":68}},"18":{"start":{"line":35,"column":49},"end":{"line":35,"column":67}},"19":{"start":{"line":36,"column":4},"end":{"line":36,"column":30}},"20":{"start":{"line":37,"column":4},"end":{"line":37,"column":61}},"21":{"start":{"line":38,"column":4},"end":{"line":40,"column":13}},"22":{"start":{"line":39,"column":6},"end":{"line":39,"column":25}},"23":{"start":{"line":43,"column":2},"end":{"line":73,"column":4}}},"fnMap":{"0":{"name":"(anonymous_0)","decl":{"start":{"line":11,"column":12},"end":{"line":11,"column":13}},"loc":{"start":{"line":11,"column":18},"end":{"line":74,"column":1}},"line":11},"1":{"name":"(anonymous_1)","decl":{"start":{"line":17,"column":22},"end":{"line":17,"column":23}},"loc":{"start":{"line":17,"column":28},"end":{"line":23,"column":3}},"line":17},"2":{"name":"(anonymous_2)","decl":{"start":{"line":19,"column":15},"end":{"line":19,"column":16}},"loc":{"start":{"line":19,"column":21},"end":{"line":22,"column":5}},"line":19},"3":{"name":"(anonymous_3)","decl":{"start":{"line":25,"column":20},"end":{"line":25,"column":21}},"loc":{"start":{"line":25,"column":35},"end":{"line":32,"column":3}},"line":25},"4":{"name":"(anonymous_4)","decl":{"start":{"line":29,"column":17},"end":{"line":29,"column":18}},"loc":{"start":{"line":29,"column":23},"end":{"line":31,"column":7}},"line":29},"5":{"name":"(anonymous_5)","decl":{"start":{"line":34,"column":25},"end":{"line":34,"column":26}},"loc":{"start":{"line":34,"column":40},"end":{"line":41,"column":3}},"line":34},"6":{"name":"(anonymous_6)","decl":{"start":{"line":35,"column":41},"end":{"line":35,"column":42}},"loc":{"start":{"line":35,"column":49},"end":{"line":35,"column":67}},"line":35},"7":{"name":"(anonymous_7)","decl":{"start":{"line":38,"column":15},"end":{"line":38,"column":16}},"loc":{"start":{"line":38,"column":21},"end":{"line":40,"column":5}},"line":38}},"branchMap":{"0":{"loc":{"start":{"line":50,"column":9},"end":{"line":52,"column":9}},"type":"binary-expr","locations":[{"start":{"line":50,"column":9},"end":{"line":50,"column":17}},{"start":{"line":51,"column":10},"end":{"line":51,"column":49}}],"line":50},"1":{"loc":{"start":{"line":61,"column":7},"end":{"line":61,"column":71}},"type":"binary-expr","locations":[{"start":{"line":61,"column":7},"end":{"line":61,"column":18}},{"start":{"line":61,"column":22},"end":{"line":61,"column":71}}],"line":61}},"s":{"0":1,"1":3,"2":3,"3":3,"4":3,"5":3,"6":0,"7":0,"8":0,"9":0,"10":3,"11":0,"12":0,"13":0,"14":0,"15":0,"16":3,"17":0,"18":0,"19":0,"20":0,"21":0,"22":0,"23":3},"f":{"0":3,"1":0,"2":0,"3":0,"4":0,"5":0,"6":0,"7":0},"b":{"0":[3,0],"1":[3,0]},"_coverageSchema":"1a1c01bbd47fc00a2c39e90264f33305004495a9","hash":"90628c3f93c1c91b4b240b40a18760b7b64cc926"}
,"/Users/adithimshrouthy/Home-Renovation-main/src/index.js": {"path":"/Users/adithimshrouthy/Home-Renovation-main/src/index.js","statementMap":{"0":{"start":{"line":7,"column":0},"end":{"line":14,"column":2}}},"fnMap":{},"branchMap":{},"s":{"0":0},"f":{},"b":{}}
,"/Users/adithimshrouthy/Home-Renovation-main/src/components/Cart.js": {"path":"/Users/adithimshrouthy/Home-Renovation-main/src/components/Cart.js","statementMap":{"0":{"start":{"line":4,"column":13},"end":{"line":44,"column":1}},"1":{"start":{"line":5,"column":46},"end":{"line":5,"column":58}},"2":{"start":{"line":7,"column":2},"end":{"line":12,"column":9}},"3":{"start":{"line":8,"column":22},"end":{"line":8,"column":55}},"4":{"start":{"line":9,"column":4},"end":{"line":11,"column":5}},"5":{"start":{"line":10,"column":6},"end":{"line":10,"column":47}},"6":{"start":{"line":14,"column":2},"end":{"line":16,"column":18}},"7":{"start":{"line":15,"column":4},"end":{"line":15,"column":65}},"8":{"start":{"line":18,"column":28},"end":{"line":20,"column":3}},"9":{"start":{"line":19,"column":4},"end":{"line":19,"column":30}},"10":{"start":{"line":22,"column":2},"end":{"line":29,"column":3}},"11":{"start":{"line":23,"column":4},"end":{"line":28,"column":6}},"12":{"start":{"line":31,"column":2},"end":{"line":43,"column":4}},"13":{"start":{"line":36,"column":10},"end":{"line":39,"column":15}},"14":{"start":{"line":38,"column":61},"end":{"line":38,"column":84}}},"fnMap":{"0":{"name":"(anonymous_0)","decl":{"start":{"line":4,"column":13},"end":{"line":4,"column":14}},"loc":{"start":{"line":4,"column":48},"end":{"line":44,"column":1}},"line":4},"1":{"name":"(anonymous_1)","decl":{"start":{"line":7,"column":12},"end":{"line":7,"column":13}},"loc":{"start":{"line":7,"column":18},"end":{"line":12,"column":3}},"line":7},"2":{"name":"(anonymous_2)","decl":{"start":{"line":14,"column":12},"end":{"line":14,"column":13}},"loc":{"start":{"line":14,"column":18},"end":{"line":16,"column":3}},"line":14},"3":{"name":"(anonymous_3)","decl":{"start":{"line":18,"column":28},"end":{"line":18,"column":29}},"loc":{"start":{"line":18,"column":43},"end":{"line":20,"column":3}},"line":18},"4":{"name":"(anonymous_4)","decl":{"start":{"line":35,"column":23},"end":{"line":35,"column":24}},"loc":{"start":{"line":36,"column":10},"end":{"line":39,"column":15}},"line":36},"5":{"name":"(anonymous_5)","decl":{"start":{"line":38,"column":55},"end":{"line":38,"column":56}},"loc":{"start":{"line":38,"column":61},"end":{"line":38,"column":84}},"line":38}},"branchMap":{"0":{"loc":{"start":{"line":9,"column":4},"end":{"line":11,"column":5}},"type":"if","locations":[{"start":{"line":9,"column":4},"end":{"line":11,"column":5}},{"start":{},"end":{}}],"line":9},"1":{"loc":{"start":{"line":22,"column":2},"end":{"line":29,"column":3}},"type":"if","locations":[{"start":{"line":22,"column":2},"end":{"line":29,"column":3}},{"start":{},"end":{}}],"line":22},"2":{"loc":{"start":{"line":22,"column":6},"end":{"line":22,"column":71}},"type":"binary-expr","locations":[{"start":{"line":22,"column":6},"end":{"line":22,"column":16}},{"start":{"line":22,"column":20},"end":{"line":22,"column":45}},{"start":{"line":22,"column":49},"end":{"line":22,"column":71}}],"line":22}},"s":{"0":2,"1":3,"2":3,"3":0,"4":0,"5":0,"6":3,"7":0,"8":3,"9":1,"10":3,"11":1,"12":2,"13":6,"14":1},"f":{"0":3,"1":0,"2":0,"3":1,"4":6,"5":1},"b":{"0":[0,0],"1":[1,2],"2":[3,3,3]},"_coverageSchema":"1a1c01bbd47fc00a2c39e90264f33305004495a9","hash":"e01eec79ab5e59f0ceccc629b509929192a5dec0"}
,"/Users/adithimshrouthy/Home-Renovation-main/src/components/About/about.js": {"path":"/Users/adithimshrouthy/Home-Renovation-main/src/components/About/about.js","statementMap":{"0":{"start":{"line":4,"column":14},"end":{"line":23,"column":1}},"1":{"start":{"line":6,"column":17},"end":{"line":6,"column":30}},"2":{"start":{"line":8,"column":2},"end":{"line":10,"column":7}},"3":{"start":{"line":9,"column":4},"end":{"line":9,"column":21}},"4":{"start":{"line":11,"column":2},"end":{"line":22,"column":4}}},"fnMap":{"0":{"name":"(anonymous_0)","decl":{"start":{"line":4,"column":14},"end":{"line":4,"column":15}},"loc":{"start":{"line":4,"column":20},"end":{"line":23,"column":1}},"line":4},"1":{"name":"(anonymous_1)","decl":{"start":{"line":8,"column":12},"end":{"line":8,"column":13}},"loc":{"start":{"line":8,"column":16},"end":{"line":10,"column":3}},"line":8}},"branchMap":{},"s":{"0":1,"1":0,"2":0,"3":0,"4":0},"f":{"0":0,"1":0},"b":{},"_coverageSchema":"1a1c01bbd47fc00a2c39e90264f33305004495a9","hash":"6bb34a7257671dbf65354dd19a94bb4d55a7bb5d"}
,"/Users/adithimshrouthy/Home-Renovation-main/src/components/About/budget/BudgetEstimation.js": {"path":"/Users/adithimshrouthy/Home-Renovation-main/src/components/About/budget/BudgetEstimation.js","statementMap":{"0":{"start":{"line":4,"column":25},"end":{"line":166,"column":1}},"1":{"start":{"line":5,"column":46},"end":{"line":5,"column":58}},"2":{"start":{"line":6,"column":26},"end":{"line":6,"column":38}},"3":{"start":{"line":7,"column":30},"end":{"line":7,"column":41}},"4":{"start":{"line":8,"column":28},"end":{"line":8,"column":40}},"5":{"start":{"line":9,"column":48},"end":{"line":9,"column":60}},"6":{"start":{"line":11,"column":37},"end":{"line":14,"column":3}},"7":{"start":{"line":12,"column":4},"end":{"line":12,"column":38}},"8":{"start":{"line":13,"column":4},"end":{"line":13,"column":27}},"9":{"start":{"line":16,"column":27},"end":{"line":24,"column":3}},"10":{"start":{"line":17,"column":18},"end":{"line":17,"column":32}},"11":{"start":{"line":18,"column":4},"end":{"line":23,"column":5}},"12":{"start":{"line":19,"column":6},"end":{"line":19,"column":58}},"13":{"start":{"line":21,"column":6},"end":{"line":21,"column":21}},"14":{"start":{"line":22,"column":6},"end":{"line":22,"column":19}},"15":{"start":{"line":26,"column":29},"end":{"line":32,"column":3}},"16":{"start":{"line":27,"column":30},"end":{"line":27,"column":38}},"17":{"start":{"line":28,"column":4},"end":{"line":31,"column":8}},"18":{"start":{"line":28,"column":39},"end":{"line":31,"column":5}},"19":{"start":{"line":34,"column":32},"end":{"line":96,"column":3}},"20":{"start":{"line":35,"column":19},"end":{"line":35,"column":20}},"21":{"start":{"line":37,"column":4},"end":{"line":42,"column":5}},"22":{"start":{"line":38,"column":6},"end":{"line":38,"column":58}},"23":{"start":{"line":39,"column":6},"end":{"line":39,"column":13}},"24":{"start":{"line":41,"column":6},"end":{"line":41,"column":19}},"25":{"start":{"line":44,"column":26},"end":{"line":44,"column":31}},"26":{"start":{"line":46,"column":4},"end":{"line":88,"column":5}},"27":{"start":{"line":47,"column":6},"end":{"line":47,"column":37}},"28":{"start":{"line":48,"column":6},"end":{"line":59,"column":9}},"29":{"start":{"line":49,"column":8},"end":{"line":58,"column":9}},"30":{"start":{"line":50,"column":10},"end":{"line":50,"column":33}},"31":{"start":{"line":51,"column":10},"end":{"line":57,"column":11}},"32":{"start":{"line":52,"column":12},"end":{"line":52,"column":28}},"33":{"start":{"line":53,"column":17},"end":{"line":57,"column":11}},"34":{"start":{"line":54,"column":12},"end":{"line":54,"column":44}},"35":{"start":{"line":55,"column":17},"end":{"line":57,"column":11}},"36":{"start":{"line":56,"column":12},"end":{"line":56,"column":28}},"37":{"start":{"line":60,"column":11},"end":{"line":88,"column":5}},"38":{"start":{"line":61,"column":6},"end":{"line":61,"column":37}},"39":{"start":{"line":62,"column":6},"end":{"line":73,"column":9}},"40":{"start":{"line":63,"column":8},"end":{"line":72,"column":9}},"41":{"start":{"line":64,"column":10},"end":{"line":64,"column":33}},"42":{"start":{"line":65,"column":10},"end":{"line":71,"column":11}},"43":{"start":{"line":66,"column":12},"end":{"line":66,"column":44}},"44":{"start":{"line":67,"column":17},"end":{"line":71,"column":11}},"45":{"start":{"line":68,"column":12},"end":{"line":68,"column":44}},"46":{"start":{"line":69,"column":17},"end":{"line":71,"column":11}},"47":{"start":{"line":70,"column":12},"end":{"line":70,"column":28}},"48":{"start":{"line":74,"column":11},"end":{"line":88,"column":5}},"49":{"start":{"line":75,"column":6},"end":{"line":75,"column":37}},"50":{"start":{"line":76,"column":6},"end":{"line":87,"column":9}},"51":{"start":{"line":77,"column":8},"end":{"line":86,"column":9}},"52":{"start":{"line":78,"column":10},"end":{"line":78,"column":33}},"53":{"start":{"line":79,"column":10},"end":{"line":85,"column":11}},"54":{"start":{"line":80,"column":12},"end":{"line":80,"column":29}},"55":{"start":{"line":81,"column":17},"end":{"line":85,"column":11}},"56":{"start":{"line":82,"column":12},"end":{"line":82,"column":29}},"57":{"start":{"line":83,"column":17},"end":{"line":85,"column":11}},"58":{"start":{"line":84,"column":12},"end":{"line":84,"column":29}},"59":{"start":{"line":90,"column":4},"end":{"line":93,"column":5}},"60":{"start":{"line":91,"column":6},"end":{"line":91,"column":53}},"61":{"start":{"line":92,"column":6},"end":{"line":92,"column":13}},"62":{"start":{"line":95,"column":4},"end":{"line":95,"column":24}},"63":{"start":{"line":98,"column":2},"end":{"line":165,"column":4}}},"fnMap":{"0":{"name":"(anonymous_0)","decl":{"start":{"line":4,"column":25},"end":{"line":4,"column":26}},"loc":{"start":{"line":4,"column":31},"end":{"line":166,"column":1}},"line":4},"1":{"name":"(anonymous_1)","decl":{"start":{"line":11,"column":37},"end":{"line":11,"column":38}},"loc":{"start":{"line":11,"column":44},"end":{"line":14,"column":3}},"line":11},"2":{"name":"(anonymous_2)","decl":{"start":{"line":16,"column":27},"end":{"line":16,"column":28}},"loc":{"start":{"line":16,"column":34},"end":{"line":24,"column":3}},"line":16},"3":{"name":"(anonymous_3)","decl":{"start":{"line":26,"column":29},"end":{"line":26,"column":30}},"loc":{"start":{"line":26,"column":36},"end":{"line":32,"column":3}},"line":26},"4":{"name":"(anonymous_4)","decl":{"start":{"line":28,"column":23},"end":{"line":28,"column":24}},"loc":{"start":{"line":28,"column":39},"end":{"line":31,"column":5}},"line":28},"5":{"name":"(anonymous_5)","decl":{"start":{"line":34,"column":32},"end":{"line":34,"column":33}},"loc":{"start":{"line":34,"column":38},"end":{"line":96,"column":3}},"line":34},"6":{"name":"(anonymous_6)","decl":{"start":{"line":48,"column":46},"end":{"line":48,"column":47}},"loc":{"start":{"line":48,"column":76},"end":{"line":59,"column":7}},"line":48},"7":{"name":"(anonymous_7)","decl":{"start":{"line":62,"column":46},"end":{"line":62,"column":47}},"loc":{"start":{"line":62,"column":76},"end":{"line":73,"column":7}},"line":62},"8":{"name":"(anonymous_8)","decl":{"start":{"line":76,"column":46},"end":{"line":76,"column":47}},"loc":{"start":{"line":76,"column":76},"end":{"line":87,"column":7}},"line":76}},"branchMap":{"0":{"loc":{"start":{"line":18,"column":4},"end":{"line":23,"column":5}},"type":"if","locations":[{"start":{"line":18,"column":4},"end":{"line":23,"column":5}},{"start":{"line":20,"column":11},"end":{"line":23,"column":5}}],"line":18},"1":{"loc":{"start":{"line":37,"column":4},"end":{"line":42,"column":5}},"type":"if","locations":[{"start":{"line":37,"column":4},"end":{"line":42,"column":5}},{"start":{"line":40,"column":11},"end":{"line":42,"column":5}}],"line":37},"2":{"loc":{"start":{"line":37,"column":8},"end":{"line":37,"column":32}},"type":"binary-expr","locations":[{"start":{"line":37,"column":8},"end":{"line":37,"column":23}},{"start":{"line":37,"column":27},"end":{"line":37,"column":32}}],"line":37},"3":{"loc":{"start":{"line":46,"column":4},"end":{"line":88,"column":5}},"type":"if","locations":[{"start":{"line":46,"column":4},"end":{"line":88,"column":5}},{"start":{"line":60,"column":11},"end":{"line":88,"column":5}}],"line":46},"4":{"loc":{"start":{"line":49,"column":8},"end":{"line":58,"column":9}},"type":"if","locations":[{"start":{"line":49,"column":8},"end":{"line":58,"column":9}},{"start":{},"end":{}}],"line":49},"5":{"loc":{"start":{"line":51,"column":10},"end":{"line":57,"column":11}},"type":"if","locations":[{"start":{"line":51,"column":10},"end":{"line":57,"column":11}},{"start":{"line":53,"column":17},"end":{"line":57,"column":11}}],"line":51},"6":{"loc":{"start":{"line":53,"column":17},"end":{"line":57,"column":11}},"type":"if","locations":[{"start":{"line":53,"column":17},"end":{"line":57,"column":11}},{"start":{"line":55,"column":17},"end":{"line":57,"column":11}}],"line":53},"7":{"loc":{"start":{"line":55,"column":17},"end":{"line":57,"column":11}},"type":"if","locations":[{"start":{"line":55,"column":17},"end":{"line":57,"column":11}},{"start":{},"end":{}}],"line":55},"8":{"loc":{"start":{"line":60,"column":11},"end":{"line":88,"column":5}},"type":"if","locations":[{"start":{"line":60,"column":11},"end":{"line":88,"column":5}},{"start":{"line":74,"column":11},"end":{"line":88,"column":5}}],"line":60},"9":{"loc":{"start":{"line":63,"column":8},"end":{"line":72,"column":9}},"type":"if","locations":[{"start":{"line":63,"column":8},"end":{"line":72,"column":9}},{"start":{},"end":{}}],"line":63},"10":{"loc":{"start":{"line":65,"column":10},"end":{"line":71,"column":11}},"type":"if","locations":[{"start":{"line":65,"column":10},"end":{"line":71,"column":11}},{"start":{"line":67,"column":17},"end":{"line":71,"column":11}}],"line":65},"11":{"loc":{"start":{"line":67,"column":17},"end":{"line":71,"column":11}},"type":"if","locations":[{"start":{"line":67,"column":17},"end":{"line":71,"column":11}},{"start":{"line":69,"column":17},"end":{"line":71,"column":11}}],"line":67},"12":{"loc":{"start":{"line":69,"column":17},"end":{"line":71,"column":11}},"type":"if","locations":[{"start":{"line":69,"column":17},"end":{"line":71,"column":11}},{"start":{},"end":{}}],"line":69},"13":{"loc":{"start":{"line":74,"column":11},"end":{"line":88,"column":5}},"type":"if","locations":[{"start":{"line":74,"column":11},"end":{"line":88,"column":5}},{"start":{},"end":{}}],"line":74},"14":{"loc":{"start":{"line":77,"column":8},"end":{"line":86,"column":9}},"type":"if","locations":[{"start":{"line":77,"column":8},"end":{"line":86,"column":9}},{"start":{},"end":{}}],"line":77},"15":{"loc":{"start":{"line":79,"column":10},"end":{"line":85,"column":11}},"type":"if","locations":[{"start":{"line":79,"column":10},"end":{"line":85,"column":11}},{"start":{"line":81,"column":17},"end":{"line":85,"column":11}}],"line":79},"16":{"loc":{"start":{"line":81,"column":17},"end":{"line":85,"column":11}},"type":"if","locations":[{"start":{"line":81,"column":17},"end":{"line":85,"column":11}},{"start":{"line":83,"column":17},"end":{"line":85,"column":11}}],"line":81},"17":{"loc":{"start":{"line":83,"column":17},"end":{"line":85,"column":11}},"type":"if","locations":[{"start":{"line":83,"column":17},"end":{"line":85,"column":11}},{"start":{},"end":{}}],"line":83},"18":{"loc":{"start":{"line":90,"column":4},"end":{"line":93,"column":5}},"type":"if","locations":[{"start":{"line":90,"column":4},"end":{"line":93,"column":5}},{"start":{},"end":{}}],"line":90},"19":{"loc":{"start":{"line":116,"column":7},"end":{"line":158,"column":7}},"type":"binary-expr","locations":[{"start":{"line":116,"column":7},"end":{"line":116,"column":21}},{"start":{"line":117,"column":8},"end":{"line":157,"column":14}}],"line":116},"20":{"loc":{"start":{"line":118,"column":11},"end":{"line":130,"column":11}},"type":"binary-expr","locations":[{"start":{"line":118,"column":11},"end":{"line":118,"column":42}},{"start":{"line":119,"column":12},"end":{"line":129,"column":15}}],"line":118},"21":{"loc":{"start":{"line":131,"column":11},"end":{"line":143,"column":11}},"type":"binary-expr","locations":[{"start":{"line":131,"column":11},"end":{"line":131,"column":38}},{"start":{"line":132,"column":12},"end":{"line":142,"column":15}}],"line":131},"22":{"loc":{"start":{"line":144,"column":11},"end":{"line":156,"column":11}},"type":"binary-expr","locations":[{"start":{"line":144,"column":11},"end":{"line":144,"column":39}},{"start":{"line":145,"column":12},"end":{"line":155,"column":15}}],"line":144},"23":{"loc":{"start":{"line":161,"column":7},"end":{"line":161,"column":55}},"type":"binary-expr","locations":[{"start":{"line":161,"column":7},"end":{"line":161,"column":12}},{"start":{"line":161,"column":16},"end":{"line":161,"column":55}}],"line":161},"24":{"loc":{"start":{"line":163,"column":7},"end":{"line":163,"column":87}},"type":"binary-expr","locations":[{"start":{"line":163,"column":7},"end":{"line":163,"column":17}},{"start":{"line":163,"column":21},"end":{"line":163,"column":87}}],"line":163}},"s":{"0":2,"1":212,"2":212,"3":212,"4":212,"5":212,"6":212,"7":27,"8":27,"9":212,"10":24,"11":24,"12":1,"13":23,"14":23,"15":212,"16":34,"17":34,"18":34,"19":212,"20":25,"21":25,"22":4,"23":4,"24":21,"25":21,"26":21,"27":8,"28":8,"29":10,"30":10,"31":10,"32":3,"33":7,"34":4,"35":3,"36":3,"37":13,"38":6,"39":6,"40":12,"41":12,"42":12,"43":3,"44":9,"45":5,"46":4,"47":4,"48":7,"49":7,"50":7,"51":12,"52":12,"53":12,"54":4,"55":8,"56":4,"57":4,"58":4,"59":21,"60":2,"61":2,"62":19,"63":212},"f":{"0":212,"1":27,"2":24,"3":34,"4":34,"5":25,"6":10,"7":12,"8":12},"b":{"0":[1,23],"1":[4,21],"2":[25,23],"3":[8,13],"4":[10,0],"5":[3,7],"6":[4,3],"7":[3,0],"8":[6,7],"9":[12,0],"10":[3,9],"11":[5,4],"12":[4,0],"13":[7,0],"14":[12,0],"15":[4,8],"16":[4,4],"17":[4,0],"18":[2,19],"19":[212,175],"20":[175,67],"21":[175,50],"22":[175,58],"23":[212,7],"24":[212,19]},"_coverageSchema":"1a1c01bbd47fc00a2c39e90264f33305004495a9","hash":"8913c98a58515fac8f62fa1ab5fcdc1b7a16b103"}
,"/Users/adithimshrouthy/Home-Renovation-main/src/components/About/info/info.js": {"path":"/Users/adithimshrouthy/Home-Renovation-main/src/components/About/info/info.js","statementMap":{"0":{"start":{"line":3,"column":13},"end":{"line":27,"column":1}},"1":{"start":{"line":4,"column":2},"end":{"line":26,"column":4}}},"fnMap":{"0":{"name":"(anonymous_0)","decl":{"start":{"line":3,"column":13},"end":{"line":3,"column":14}},"loc":{"start":{"line":3,"column":19},"end":{"line":27,"column":1}},"line":3}},"branchMap":{},"s":{"0":1,"1":0},"f":{"0":0},"b":{},"_coverageSchema":"1a1c01bbd47fc00a2c39e90264f33305004495a9","hash":"c4aab324871c2191206f731d3e1fc1efa4879843"}
,"/Users/adithimshrouthy/Home-Renovation-main/src/components/Button/Button.js": {"path":"/Users/adithimshrouthy/Home-Renovation-main/src/components/Button/Button.js","statementMap":{"0":{"start":{"line":4,"column":15},"end":{"line":28,"column":1}},"1":{"start":{"line":12,"column":0},"end":{"line":27,"column":1}},"2":{"start":{"line":13,"column":2},"end":{"line":19,"column":4}},"3":{"start":{"line":21,"column":2},"end":{"line":26,"column":6}}},"fnMap":{"0":{"name":"(anonymous_0)","decl":{"start":{"line":4,"column":15},"end":{"line":4,"column":16}},"loc":{"start":{"line":10,"column":5},"end":{"line":28,"column":1}},"line":10}},"branchMap":{"0":{"loc":{"start":{"line":12,"column":0},"end":{"line":27,"column":1}},"type":"if","locations":[{"start":{"line":12,"column":0},"end":{"line":27,"column":1}},{"start":{"line":20,"column":6},"end":{"line":27,"column":1}}],"line":12},"1":{"loc":{"start":{"line":24,"column":3},"end":{"line":24,"column":37}},"type":"cond-expr","locations":[{"start":{"line":24,"column":11},"end":{"line":24,"column":22}},{"start":{"line":24,"column":25},"end":{"line":24,"column":37}}],"line":24}},"s":{"0":1,"1":0,"2":0,"3":0},"f":{"0":0},"b":{"0":[0,0],"1":[0,0]},"_coverageSchema":"1a1c01bbd47fc00a2c39e90264f33305004495a9","hash":"cc80833177fe397b0f5dc4a275c45f596560666c"}
,"/Users/adithimshrouthy/Home-Renovation-main/src/components/Home/Home.js": {"path":"/Users/adithimshrouthy/Home-Renovation-main/src/components/Home/Home.js","statementMap":{"0":{"start":{"line":3,"column":13},"end":{"line":13,"column":1}},"1":{"start":{"line":4,"column":2},"end":{"line":12,"column":4}}},"fnMap":{"0":{"name":"(anonymous_0)","decl":{"start":{"line":3,"column":13},"end":{"line":3,"column":14}},"loc":{"start":{"line":3,"column":19},"end":{"line":13,"column":1}},"line":3}},"branchMap":{},"s":{"0":1,"1":0},"f":{"0":0},"b":{},"_coverageSchema":"1a1c01bbd47fc00a2c39e90264f33305004495a9","hash":"47c3fdfbf2769c11ca09da754b2e7de14aa28d12"}
,"/Users/adithimshrouthy/Home-Renovation-main/src/components/Loader/Loader.js": {"path":"/Users/adithimshrouthy/Home-Renovation-main/src/components/Loader/Loader.js","statementMap":{"0":{"start":{"line":2,"column":15},"end":{"line":10,"column":1}},"1":{"start":{"line":3,"column":2},"end":{"line":9,"column":4}}},"fnMap":{"0":{"name":"(anonymous_0)","decl":{"start":{"line":2,"column":15},"end":{"line":2,"column":16}},"loc":{"start":{"line":2,"column":34},"end":{"line":10,"column":1}},"line":2}},"branchMap":{"0":{"loc":{"start":{"line":6,"column":8},"end":{"line":6,"column":69}},"type":"cond-expr","locations":[{"start":{"line":6,"column":35},"end":{"line":6,"column":52}},{"start":{"line":6,"column":55},"end":{"line":6,"column":69}}],"line":6}},"s":{"0":2,"1":0},"f":{"0":0},"b":{"0":[0,0]},"_coverageSchema":"1a1c01bbd47fc00a2c39e90264f33305004495a9","hash":"521430a4e096048b39b5096c3d434412ded79b90"}
,"/Users/adithimshrouthy/Home-Renovation-main/src/components/Products/Products.js": {"path":"/Users/adithimshrouthy/Home-Renovation-main/src/components/Products/Products.js","statementMap":{"0":{"start":{"line":5,"column":17},"end":{"line":101,"column":1}},"1":{"start":{"line":6,"column":34},"end":{"line":6,"column":46}},"2":{"start":{"line":7,"column":40},"end":{"line":7,"column":52}},"3":{"start":{"line":8,"column":50},"end":{"line":8,"column":62}},"4":{"start":{"line":9,"column":42},"end":{"line":9,"column":54}},"5":{"start":{"line":11,"column":2},"end":{"line":28,"column":9}},"6":{"start":{"line":12,"column":26},"end":{"line":25,"column":5}},"7":{"start":{"line":13,"column":6},"end":{"line":24,"column":7}},"8":{"start":{"line":14,"column":25},"end":{"line":14,"column":70}},"9":{"start":{"line":15,"column":23},"end":{"line":15,"column":44}},"10":{"start":{"line":16,"column":8},"end":{"line":21,"column":9}},"11":{"start":{"line":17,"column":36},"end":{"line":17,"column":64}},"12":{"start":{"line":18,"column":10},"end":{"line":18,"column":41}},"13":{"start":{"line":20,"column":10},"end":{"line":20,"column":69}},"14":{"start":{"line":23,"column":8},"end":{"line":23,"column":27}},"15":{"start":{"line":27,"column":4},"end":{"line":27,"column":20}},"16":{"start":{"line":30,"column":23},"end":{"line":58,"column":3}},"17":{"start":{"line":31,"column":4},"end":{"line":37,"column":5}},"18":{"start":{"line":32,"column":6},"end":{"line":32,"column":67}},"19":{"start":{"line":33,"column":6},"end":{"line":33,"column":30}},"20":{"start":{"line":34,"column":6},"end":{"line":34,"column":13}},"21":{"start":{"line":36,"column":6},"end":{"line":36,"column":26}},"22":{"start":{"line":39,"column":4},"end":{"line":57,"column":5}},"23":{"start":{"line":40,"column":23},"end":{"line":42,"column":7}},"24":{"start":{"line":41,"column":8},"end":{"line":41,"column":86}},"25":{"start":{"line":43,"column":6},"end":{"line":43,"column":36}},"26":{"start":{"line":46,"column":23},"end":{"line":48,"column":7}},"27":{"start":{"line":47,"column":8},"end":{"line":47,"column":94}},"28":{"start":{"line":50,"column":6},"end":{"line":54,"column":7}},"29":{"start":{"line":51,"column":8},"end":{"line":51,"column":46}},"30":{"start":{"line":53,"column":8},"end":{"line":53,"column":28}},"31":{"start":{"line":56,"column":6},"end":{"line":56,"column":36}},"32":{"start":{"line":60,"column":23},"end":{"line":62,"column":3}},"33":{"start":{"line":61,"column":4},"end":{"line":61,"column":39}},"34":{"start":{"line":64,"column":2},"end":{"line":100,"column":4}},"35":{"start":{"line":86,"column":4},"end":{"line":94,"column":20}},"36":{"start":{"line":92,"column":41},"end":{"line":92,"column":78}}},"fnMap":{"0":{"name":"(anonymous_0)","decl":{"start":{"line":5,"column":17},"end":{"line":5,"column":18}},"loc":{"start":{"line":5,"column":63},"end":{"line":101,"column":1}},"line":5},"1":{"name":"(anonymous_1)","decl":{"start":{"line":11,"column":12},"end":{"line":11,"column":13}},"loc":{"start":{"line":11,"column":18},"end":{"line":28,"column":3}},"line":11},"2":{"name":"(anonymous_2)","decl":{"start":{"line":12,"column":26},"end":{"line":12,"column":27}},"loc":{"start":{"line":12,"column":38},"end":{"line":25,"column":5}},"line":12},"3":{"name":"(anonymous_3)","decl":{"start":{"line":30,"column":23},"end":{"line":30,"column":24}},"loc":{"start":{"line":30,"column":29},"end":{"line":58,"column":3}},"line":30},"4":{"name":"(anonymous_4)","decl":{"start":{"line":40,"column":39},"end":{"line":40,"column":40}},"loc":{"start":{"line":41,"column":8},"end":{"line":41,"column":86}},"line":41},"5":{"name":"(anonymous_5)","decl":{"start":{"line":46,"column":39},"end":{"line":46,"column":40}},"loc":{"start":{"line":47,"column":8},"end":{"line":47,"column":94}},"line":47},"6":{"name":"(anonymous_6)","decl":{"start":{"line":60,"column":23},"end":{"line":60,"column":24}},"loc":{"start":{"line":60,"column":34},"end":{"line":62,"column":3}},"line":60},"7":{"name":"(anonymous_7)","decl":{"start":{"line":85,"column":95},"end":{"line":85,"column":96}},"loc":{"start":{"line":86,"column":4},"end":{"line":94,"column":20}},"line":86},"8":{"name":"(anonymous_8)","decl":{"start":{"line":92,"column":35},"end":{"line":92,"column":36}},"loc":{"start":{"line":92,"column":41},"end":{"line":92,"column":78}},"line":92}},"branchMap":{"0":{"loc":{"start":{"line":16,"column":8},"end":{"line":21,"column":9}},"type":"if","locations":[{"start":{"line":16,"column":8},"end":{"line":21,"column":9}},{"start":{"line":19,"column":15},"end":{"line":21,"column":9}}],"line":16},"1":{"loc":{"start":{"line":16,"column":12},"end":{"line":16,"column":48}},"type":"binary-expr","locations":[{"start":{"line":16,"column":12},"end":{"line":16,"column":18}},{"start":{"line":16,"column":22},"end":{"line":16,"column":48}}],"line":16},"2":{"loc":{"start":{"line":31,"column":4},"end":{"line":37,"column":5}},"type":"if","locations":[{"start":{"line":31,"column":4},"end":{"line":37,"column":5}},{"start":{"line":35,"column":11},"end":{"line":37,"column":5}}],"line":31},"3":{"loc":{"start":{"line":39,"column":4},"end":{"line":57,"column":5}},"type":"if","locations":[{"start":{"line":39,"column":4},"end":{"line":57,"column":5}},{"start":{"line":44,"column":11},"end":{"line":57,"column":5}}],"line":39},"4":{"loc":{"start":{"line":39,"column":8},"end":{"line":39,"column":176}},"type":"binary-expr","locations":[{"start":{"line":39,"column":8},"end":{"line":39,"column":46}},{"start":{"line":39,"column":50},"end":{"line":39,"column":86}},{"start":{"line":39,"column":90},"end":{"line":39,"column":133}},{"start":{"line":39,"column":137},"end":{"line":39,"column":176}}],"line":39},"5":{"loc":{"start":{"line":41,"column":8},"end":{"line":41,"column":86}},"type":"binary-expr","locations":[{"start":{"line":41,"column":8},"end":{"line":41,"column":20}},{"start":{"line":41,"column":24},"end":{"line":41,"column":86}}],"line":41},"6":{"loc":{"start":{"line":47,"column":8},"end":{"line":47,"column":94}},"type":"binary-expr","locations":[{"start":{"line":47,"column":8},"end":{"line":47,"column":24}},{"start":{"line":47,"column":28},"end":{"line":47,"column":94}}],"line":47},"7":{"loc":{"start":{"line":50,"column":6},"end":{"line":54,"column":7}},"type":"if","locations":[{"start":{"line":50,"column":6},"end":{"line":54,"column":7}},{"start":{"line":52,"column":13},"end":{"line":54,"column":7}}],"line":50},"8":{"loc":{"start":{"line":66,"column":7},"end":{"line":98,"column":7}},"type":"cond-expr","locations":[{"start":{"line":67,"column":8},"end":{"line":67,"column":39}},{"start":{"line":69,"column":8},"end":{"line":97,"column":11}}],"line":66},"9":{"loc":{"start":{"line":80,"column":11},"end":{"line":82,"column":11}},"type":"binary-expr","locations":[{"start":{"line":80,"column":11},"end":{"line":80,"column":23}},{"start":{"line":81,"column":12},"end":{"line":81,"column":63}}],"line":80},"10":{"loc":{"start":{"line":85,"column":12},"end":{"line":85,"column":89}},"type":"cond-expr","locations":[{"start":{"line":85,"column":42},"end":{"line":85,"column":58}},{"start":{"line":85,"column":61},"end":{"line":85,"column":89}}],"line":85},"11":{"loc":{"start":{"line":85,"column":61},"end":{"line":85,"column":89}},"type":"cond-expr","locations":[{"start":{"line":85,"column":76},"end":{"line":85,"column":78}},{"start":{"line":85,"column":81},"end":{"line":85,"column":89}}],"line":85},"12":{"loc":{"start":{"line":91,"column":17},"end":{"line":93,"column":17}},"type":"binary-expr","locations":[{"start":{"line":91,"column":17},"end":{"line":91,"column":31}},{"start":{"line":92,"column":18},"end":{"line":92,"column":100}}],"line":91}},"s":{"0":2,"1":34,"2":34,"3":34,"4":34,"5":34,"6":0,"7":0,"8":0,"9":0,"10":0,"11":0,"12":0,"13":0,"14":0,"15":0,"16":34,"17":8,"18":6,"19":6,"20":6,"21":2,"22":2,"23":2,"24":0,"25":2,"26":0,"27":0,"28":0,"29":0,"30":0,"31":0,"32":34,"33":2,"34":34,"35":0,"36":0},"f":{"0":34,"1":0,"2":0,"3":8,"4":0,"5":0,"6":2,"7":0,"8":0},"b":{"0":[0,0],"1":[0,0],"2":[6,2],"3":[2,0],"4":[2,0,0,0],"5":[0,0],"6":[0,0],"7":[0,0],"8":[1,33],"9":[33,12],"10":[0,33],"11":[12,21],"12":[0,0]},"_coverageSchema":"1a1c01bbd47fc00a2c39e90264f33305004495a9","hash":"fbc4fa45cf0a82ba4804ec4a2fe6450468847999"}
}
