TN:
SF:src/App.js
FN:11,(anonymous_0)
FN:17,(anonymous_1)
FN:19,(anonymous_2)
FN:25,(anonymous_3)
FN:29,(anonymous_4)
FN:34,(anonymous_5)
FN:35,(anonymous_6)
FN:38,(anonymous_7)
FNF:8
FNH:1
FNDA:3,(anonymous_0)
FNDA:0,(anonymous_1)
FNDA:0,(anonymous_2)
FNDA:0,(anonymous_3)
FNDA:0,(anonymous_4)
FNDA:0,(anonymous_5)
FNDA:0,(anonymous_6)
FNDA:0,(anonymous_7)
DA:11,1
DA:12,3
DA:13,3
DA:14,3
DA:15,3
DA:17,3
DA:18,0
DA:19,0
DA:20,0
DA:21,0
DA:25,3
DA:26,0
DA:27,0
DA:28,0
DA:29,0
DA:30,0
DA:34,3
DA:35,0
DA:36,0
DA:37,0
DA:38,0
DA:39,0
DA:43,3
LF:23
LH:9
BRDA:50,0,0,3
BRDA:50,0,1,0
BRDA:61,1,0,3
BRDA:61,1,1,0
BRF:4
BRH:2
end_of_record
TN:
SF:src/index.js
FNF:0
FNH:0
DA:7,0
LF:1
LH:0
BRF:0
BRH:0
end_of_record
TN:
SF:src/components/Cart.js
FN:4,(anonymous_0)
FN:7,(anonymous_1)
FN:14,(anonymous_2)
FN:18,(anonymous_3)
FN:35,(anonymous_4)
FN:38,(anonymous_5)
FNF:6
FNH:4
FNDA:3,(anonymous_0)
FNDA:0,(anonymous_1)
FNDA:0,(anonymous_2)
FNDA:1,(anonymous_3)
FNDA:6,(anonymous_4)
FNDA:1,(anonymous_5)
DA:4,2
DA:5,3
DA:7,3
DA:8,0
DA:9,0
DA:10,0
DA:14,3
DA:15,0
DA:18,3
DA:19,1
DA:22,3
DA:23,1
DA:31,2
DA:36,6
DA:38,1
LF:15
LH:11
BRDA:9,0,0,0
BRDA:9,0,1,0
BRDA:22,1,0,1
BRDA:22,1,1,2
BRDA:22,2,0,3
BRDA:22,2,1,3
BRDA:22,2,2,3
BRF:7
BRH:5
end_of_record
TN:
SF:src/components/About/about.js
FN:4,(anonymous_0)
FN:8,(anonymous_1)
FNF:2
FNH:0
FNDA:0,(anonymous_0)
FNDA:0,(anonymous_1)
DA:4,1
DA:6,0
DA:8,0
DA:9,0
DA:11,0
LF:5
LH:1
BRF:0
BRH:0
end_of_record
TN:
SF:src/components/About/budget/BudgetEstimation.js
FN:4,(anonymous_0)
FN:11,(anonymous_1)
FN:16,(anonymous_2)
FN:26,(anonymous_3)
FN:28,(anonymous_4)
FN:34,(anonymous_5)
FN:48,(anonymous_6)
FN:62,(anonymous_7)
FN:76,(anonymous_8)
FNF:9
FNH:9
FNDA:212,(anonymous_0)
FNDA:27,(anonymous_1)
FNDA:24,(anonymous_2)
FNDA:34,(anonymous_3)
FNDA:34,(anonymous_4)
FNDA:25,(anonymous_5)
FNDA:10,(anonymous_6)
FNDA:12,(anonymous_7)
FNDA:12,(anonymous_8)
DA:4,2
DA:5,212
DA:6,212
DA:7,212
DA:8,212
DA:9,212
DA:11,212
DA:12,27
DA:13,27
DA:16,212
DA:17,24
DA:18,24
DA:19,1
DA:21,23
DA:22,23
DA:26,212
DA:27,34
DA:28,34
DA:34,212
DA:35,25
DA:37,25
DA:38,4
DA:39,4
DA:41,21
DA:44,21
DA:46,21
DA:47,8
DA:48,8
DA:49,10
DA:50,10
DA:51,10
DA:52,3
DA:53,7
DA:54,4
DA:55,3
DA:56,3
DA:60,13
DA:61,6
DA:62,6
DA:63,12
DA:64,12
DA:65,12
DA:66,3
DA:67,9
DA:68,5
DA:69,4
DA:70,4
DA:74,7
DA:75,7
DA:76,7
DA:77,12
DA:78,12
DA:79,12
DA:80,4
DA:81,8
DA:82,4
DA:83,4
DA:84,4
DA:90,21
DA:91,2
DA:92,2
DA:95,19
DA:98,212
LF:63
LH:63
BRDA:18,0,0,1
BRDA:18,0,1,23
BRDA:37,1,0,4
BRDA:37,1,1,21
BRDA:37,2,0,25
BRDA:37,2,1,23
BRDA:46,3,0,8
BRDA:46,3,1,13
BRDA:49,4,0,10
BRDA:49,4,1,0
BRDA:51,5,0,3
BRDA:51,5,1,7
BRDA:53,6,0,4
BRDA:53,6,1,3
BRDA:55,7,0,3
BRDA:55,7,1,0
BRDA:60,8,0,6
BRDA:60,8,1,7
BRDA:63,9,0,12
BRDA:63,9,1,0
BRDA:65,10,0,3
BRDA:65,10,1,9
BRDA:67,11,0,5
BRDA:67,11,1,4
BRDA:69,12,0,4
BRDA:69,12,1,0
BRDA:74,13,0,7
BRDA:74,13,1,0
BRDA:77,14,0,12
BRDA:77,14,1,0
BRDA:79,15,0,4
BRDA:79,15,1,8
BRDA:81,16,0,4
BRDA:81,16,1,4
BRDA:83,17,0,4
BRDA:83,17,1,0
BRDA:90,18,0,2
BRDA:90,18,1,19
BRDA:116,19,0,212
BRDA:116,19,1,175
BRDA:118,20,0,175
BRDA:118,20,1,67
BRDA:131,21,0,175
BRDA:131,21,1,50
BRDA:144,22,0,175
BRDA:144,22,1,58
BRDA:161,23,0,212
BRDA:161,23,1,7
BRDA:163,24,0,212
BRDA:163,24,1,19
BRF:50
BRH:43
end_of_record
TN:
SF:src/components/About/info/info.js
FN:3,(anonymous_0)
FNF:1
FNH:0
FNDA:0,(anonymous_0)
DA:3,1
DA:4,0
LF:2
LH:1
BRF:0
BRH:0
end_of_record
TN:
SF:src/components/Button/Button.js
FN:4,(anonymous_0)
FNF:1
FNH:0
FNDA:0,(anonymous_0)
DA:4,1
DA:12,0
DA:13,0
DA:21,0
LF:4
LH:1
BRDA:12,0,0,0
BRDA:12,0,1,0
BRDA:24,1,0,0
BRDA:24,1,1,0
BRF:4
BRH:0
end_of_record
TN:
SF:src/components/Home/Home.js
FN:3,(anonymous_0)
FNF:1
FNH:0
FNDA:0,(anonymous_0)
DA:3,1
DA:4,0
LF:2
LH:1
BRF:0
BRH:0
end_of_record
TN:
SF:src/components/Loader/Loader.js
FN:2,(anonymous_0)
FNF:1
FNH:0
FNDA:0,(anonymous_0)
DA:2,2
DA:3,0
LF:2
LH:1
BRDA:6,0,0,0
BRDA:6,0,1,0
BRF:2
BRH:0
end_of_record
TN:
SF:src/components/Products/Products.js
FN:5,(anonymous_0)
FN:11,(anonymous_1)
FN:12,(anonymous_2)
FN:30,(anonymous_3)
FN:40,(anonymous_4)
FN:46,(anonymous_5)
FN:60,(anonymous_6)
FN:85,(anonymous_7)
FN:92,(anonymous_8)
FNF:9
FNH:3
FNDA:34,(anonymous_0)
FNDA:0,(anonymous_1)
FNDA:0,(anonymous_2)
FNDA:8,(anonymous_3)
FNDA:0,(anonymous_4)
FNDA:0,(anonymous_5)
FNDA:2,(anonymous_6)
FNDA:0,(anonymous_7)
FNDA:0,(anonymous_8)
DA:5,2
DA:6,34
DA:7,34
DA:8,34
DA:9,34
DA:11,34
DA:12,0
DA:13,0
DA:14,0
DA:15,0
DA:16,0
DA:17,0
DA:18,0
DA:20,0
DA:23,0
DA:27,0
DA:30,34
DA:31,8
DA:32,6
DA:33,6
DA:34,6
DA:36,2
DA:39,2
DA:40,2
DA:41,0
DA:43,2
DA:46,0
DA:47,0
DA:50,0
DA:51,0
DA:53,0
DA:56,0
DA:60,34
DA:61,2
DA:64,34
DA:86,0
DA:92,0
LF:37
LH:18
BRDA:16,0,0,0
BRDA:16,0,1,0
BRDA:16,1,0,0
BRDA:16,1,1,0
BRDA:31,2,0,6
BRDA:31,2,1,2
BRDA:39,3,0,2
BRDA:39,3,1,0
BRDA:39,4,0,2
BRDA:39,4,1,0
BRDA:39,4,2,0
BRDA:39,4,3,0
BRDA:41,5,0,0
BRDA:41,5,1,0
BRDA:47,6,0,0
BRDA:47,6,1,0
BRDA:50,7,0,0
BRDA:50,7,1,0
BRDA:66,8,0,1
BRDA:66,8,1,33
BRDA:80,9,0,33
BRDA:80,9,1,12
BRDA:85,10,0,0
BRDA:85,10,1,33
BRDA:85,11,0,12
BRDA:85,11,1,21
BRDA:91,12,0,0
BRDA:91,12,1,0
BRF:28
BRH:11
end_of_record
